TN:
SF:E:/OneDrive - rice.edu/Study-Rice/COMP531-Web/hw5/HW-5/src/polyfills.ts
FNF:0
FNH:0
DA:41,1
DA:42,1
DA:56,1
LF:3
LH:3
BRF:0
BRH:0
end_of_record
TN:
SF:E:/OneDrive - rice.edu/Study-Rice/COMP531-Web/hw5/HW-5/src/test.ts
FN:20,(anonymous_0)
FNF:1
FNH:1
FNDA:1,(anonymous_0)
DA:3,1
DA:4,1
DA:5,1
DA:6,1
DA:7,1
DA:8,1
DA:9,1
DA:10,1
DA:20,1
DA:23,1
DA:28,1
DA:30,1
DA:32,1
LF:13
LH:13
BRF:0
BRH:0
end_of_record
TN:
SF:E:/OneDrive - rice.edu/Study-Rice/COMP531-Web/hw5/HW-5/src/app/app.component.ts
FN:10,(anonymous_1)
FN:10,AppComponent
FNF:2
FNH:2
FNDA:1,(anonymous_1)
FNDA:1,AppComponent
DA:1,1
DA:2,1
DA:10,1
DA:11,1
LF:4
LH:4
BRF:0
BRH:0
end_of_record
TN:
SF:E:/OneDrive - rice.edu/Study-Rice/COMP531-Web/hw5/HW-5/src/app/data.service.ts
FN:8,(anonymous_2)
FN:30,DataService
FN:11,(anonymous_4)
FN:23,(anonymous_5)
FNF:4
FNH:3
FNDA:1,(anonymous_2)
FNDA:4,DataService
FNDA:0,(anonymous_4)
FNDA:4,(anonymous_5)
DA:1,1
DA:2,1
DA:8,1
DA:11,1
DA:14,0
DA:15,0
DA:16,0
DA:17,0
DA:18,0
DA:20,0
DA:23,1
DA:24,4
DA:25,0
DA:26,0
DA:32,1
LF:15
LH:7
BRDA:14,0,0,0
BRDA:14,0,1,0
BRDA:15,1,0,0
BRDA:15,1,1,0
BRDA:16,2,0,0
BRDA:16,2,1,0
BRDA:17,3,0,0
BRDA:17,3,1,0
BRDA:18,4,0,0
BRDA:18,4,1,0
BRDA:24,5,0,0
BRDA:24,5,1,4
BRF:12
BRH:1
end_of_record
TN:
SF:E:/OneDrive - rice.edu/Study-Rice/COMP531-Web/hw5/HW-5/src/app/images.ts
FNF:0
FNH:0
DA:1,1
LF:1
LH:1
BRF:0
BRH:0
end_of_record
TN:
SF:E:/OneDrive - rice.edu/Study-Rice/COMP531-Web/hw5/HW-5/src/app/profileActions.ts
FN:20,(anonymous_0)
FN:34,(anonymous_1)
FN:50,(anonymous_2)
FN:60,(anonymous_3)
FN:65,(anonymous_4)
FN:71,(anonymous_5)
FN:76,(anonymous_6)
FN:80,(anonymous_7)
FN:81,(anonymous_8)
FN:85,(anonymous_9)
FN:91,(anonymous_10)
FNF:11
FNH:8
FNDA:14,(anonymous_0)
FNDA:14,(anonymous_1)
FNDA:8,(anonymous_2)
FNDA:0,(anonymous_3)
FNDA:1,(anonymous_4)
FNDA:0,(anonymous_5)
FNDA:3,(anonymous_6)
FNDA:1,(anonymous_7)
FNDA:3,(anonymous_8)
FNDA:2,(anonymous_9)
FNDA:0,(anonymous_10)
DA:2,1
DA:3,1
DA:20,1
DA:21,14
DA:29,14
DA:30,14
DA:33,14
DA:35,14
DA:36,14
DA:37,0
DA:39,0
DA:44,0
DA:45,0
DA:50,1
DA:51,8
DA:52,8
DA:53,8
DA:54,2
DA:55,8
DA:61,0
DA:65,1
DA:66,1
DA:67,1
DA:68,1
DA:72,0
DA:76,1
DA:77,3
DA:80,1
DA:81,3
DA:85,1
DA:86,2
DA:91,1
DA:92,0
LF:33
LH:26
BRDA:29,0,0,14
BRDA:29,0,1,0
BRDA:35,1,0,14
BRDA:35,1,1,0
BRDA:36,2,0,0
BRDA:36,2,1,0
BRDA:53,3,0,6
BRDA:53,3,1,2
BRF:8
BRH:4
end_of_record
TN:
SF:E:/OneDrive - rice.edu/Study-Rice/COMP531-Web/hw5/HW-5/src/app/search.pipe.ts
FN:6,(anonymous_1)
FN:6,SearchPipe
FN:8,(anonymous_3)
FN:11,(anonymous_4)
FNF:4
FNH:3
FNDA:1,(anonymous_1)
FNDA:4,SearchPipe
FNDA:4,(anonymous_3)
FNDA:0,(anonymous_4)
DA:1,1
DA:6,1
DA:8,1
DA:9,4
DA:10,0
DA:11,0
DA:12,0
DA:13,0
DA:16,0
DA:19,1
LF:10
LH:5
BRDA:9,0,0,4
BRDA:9,0,1,0
BRDA:12,1,0,0
BRDA:12,1,1,0
BRDA:12,2,0,0
BRDA:12,2,1,0
BRF:6
BRH:1
end_of_record
TN:
SF:E:/OneDrive - rice.edu/Study-Rice/COMP531-Web/hw5/HW-5/src/app/user.ts
FN:1,(anonymous_0)
FN:10,User
FNF:2
FNH:1
FNDA:1,(anonymous_0)
FNDA:0,User
DA:1,1
DA:13,0
DA:14,0
DA:15,0
DA:16,0
DA:17,0
DA:18,0
DA:19,0
DA:20,0
DA:21,0
DA:22,0
DA:23,0
DA:24,0
DA:26,1
LF:14
LH:2
BRDA:13,0,0,0
BRDA:13,0,1,0
BRDA:14,1,0,0
BRDA:14,1,1,0
BRDA:15,2,0,0
BRDA:15,2,1,0
BRDA:16,3,0,0
BRDA:16,3,1,0
BRDA:17,4,0,0
BRDA:17,4,1,0
BRF:10
BRH:0
end_of_record
TN:
SF:E:/OneDrive - rice.edu/Study-Rice/COMP531-Web/hw5/HW-5/src/app/validate.service.ts
FN:5,(anonymous_2)
FN:90,ValidateService
FN:11,(anonymous_4)
FN:17,(anonymous_5)
FN:26,(anonymous_6)
FN:40,(anonymous_7)
FN:54,(anonymous_8)
FN:63,(anonymous_9)
FN:72,(anonymous_10)
FN:81,(anonymous_11)
FNF:10
FNH:1
FNDA:1,(anonymous_2)
FNDA:0,ValidateService
FNDA:0,(anonymous_4)
FNDA:0,(anonymous_5)
FNDA:0,(anonymous_6)
FNDA:0,(anonymous_7)
FNDA:0,(anonymous_8)
FNDA:0,(anonymous_9)
FNDA:0,(anonymous_10)
FNDA:0,(anonymous_11)
DA:1,1
DA:5,1
DA:11,1
DA:12,0
DA:13,0
DA:14,0
DA:17,1
DA:18,0
DA:19,0
DA:20,0
DA:21,0
DA:23,0
DA:26,1
DA:27,0
DA:28,0
DA:29,0
DA:30,0
DA:32,0
DA:33,0
DA:34,0
DA:35,0
DA:37,0
DA:40,1
DA:41,0
DA:42,0
DA:43,0
DA:44,0
DA:45,0
DA:46,0
DA:47,0
DA:48,0
DA:49,0
DA:51,0
DA:54,1
DA:55,0
DA:56,0
DA:57,0
DA:58,0
DA:60,0
DA:63,1
DA:64,0
DA:65,0
DA:66,0
DA:67,0
DA:69,0
DA:72,1
DA:73,0
DA:74,0
DA:75,0
DA:76,0
DA:78,0
DA:81,1
DA:82,0
DA:83,0
DA:84,0
DA:85,0
DA:87,0
DA:91,0
DA:92,0
DA:93,0
DA:96,1
LF:61
LH:11
BRDA:18,0,0,0
BRDA:18,0,1,0
BRDA:27,1,0,0
BRDA:27,1,1,0
BRDA:32,2,0,0
BRDA:32,2,1,0
BRDA:46,3,0,0
BRDA:46,3,1,0
BRDA:55,4,0,0
BRDA:55,4,1,0
BRDA:64,5,0,0
BRDA:64,5,1,0
BRDA:73,6,0,0
BRDA:73,6,1,0
BRDA:82,7,0,0
BRDA:82,7,1,0
BRF:16
BRH:0
end_of_record
TN:
SF:E:/OneDrive - rice.edu/Study-Rice/COMP531-Web/hw5/HW-5/src/app/login/login.component.ts
FN:13,(anonymous_2)
FN:45,LoginComponent
FN:24,(anonymous_4)
FN:30,(anonymous_5)
FN:41,(anonymous_6)
FN:42,(anonymous_7)
FN:50,(anonymous_8)
FN:54,(anonymous_9)
FN:55,(anonymous_10)
FNF:9
FNH:6
FNDA:1,(anonymous_2)
FNDA:5,LoginComponent
FNDA:0,(anonymous_4)
FNDA:4,(anonymous_5)
FNDA:0,(anonymous_6)
FNDA:0,(anonymous_7)
FNDA:5,(anonymous_8)
FNDA:5,(anonymous_9)
FNDA:5,(anonymous_10)
DA:1,1
DA:2,1
DA:3,1
DA:5,1
DA:6,1
DA:13,1
DA:19,5
DA:24,1
DA:25,0
DA:26,0
DA:27,0
DA:30,1
DA:31,4
DA:32,4
DA:33,3
DA:34,3
DA:37,1
DA:41,1
DA:42,0
DA:46,5
DA:47,5
DA:50,5
DA:51,5
DA:52,5
DA:53,5
DA:54,5
DA:55,5
DA:57,1
LF:28
LH:24
BRDA:32,0,0,3
BRDA:32,0,1,1
BRDA:42,1,0,0
BRDA:42,1,1,0
BRDA:46,2,0,1
BRDA:46,2,1,0
BRDA:46,3,0,1
BRDA:46,4,0,1
BRDA:46,4,1,1
BRDA:46,4,2,0
BRDA:46,5,0,1
BRDA:46,5,1,1
BRF:12
BRH:8
end_of_record
TN:
SF:E:/OneDrive - rice.edu/Study-Rice/COMP531-Web/hw5/HW-5/src/app/main-page/main-page.component.ts
FN:16,(anonymous_2)
FN:117,MainPageComponent
FN:31,(anonymous_4)
FN:36,(anonymous_5)
FN:38,(anonymous_6)
FN:39,(anonymous_7)
FN:43,(anonymous_8)
FN:45,(anonymous_9)
FN:46,(anonymous_10)
FN:48,(anonymous_11)
FN:53,(anonymous_12)
FN:58,(anonymous_13)
FN:60,(anonymous_14)
FN:62,(anonymous_15)
FN:72,(anonymous_16)
FN:73,(anonymous_17)
FN:78,(anonymous_18)
FN:79,(anonymous_19)
FN:83,(anonymous_20)
FN:91,(anonymous_21)
FN:113,(anonymous_22)
FN:122,(anonymous_23)
FNF:22
FNH:10
FNDA:1,(anonymous_2)
FNDA:4,MainPageComponent
FNDA:0,(anonymous_4)
FNDA:4,(anonymous_5)
FNDA:2,(anonymous_6)
FNDA:2,(anonymous_7)
FNDA:4,(anonymous_8)
FNDA:1,(anonymous_9)
FNDA:1,(anonymous_10)
FNDA:1,(anonymous_11)
FNDA:0,(anonymous_12)
FNDA:0,(anonymous_13)
FNDA:0,(anonymous_14)
FNDA:0,(anonymous_15)
FNDA:0,(anonymous_16)
FNDA:0,(anonymous_17)
FNDA:0,(anonymous_18)
FNDA:0,(anonymous_19)
FNDA:0,(anonymous_20)
FNDA:0,(anonymous_21)
FNDA:0,(anonymous_22)
FNDA:4,(anonymous_23)
DA:1,1
DA:2,1
DA:6,1
DA:7,1
DA:8,1
DA:16,1
DA:31,1
DA:32,0
DA:36,4
DA:37,4
DA:38,2
DA:39,2
DA:43,4
DA:44,4
DA:45,1
DA:47,1
DA:48,1
DA:49,0
DA:53,1
DA:54,0
DA:55,0
DA:58,1
DA:59,0
DA:60,0
DA:61,0
DA:62,0
DA:63,0
DA:64,0
DA:66,0
DA:68,0
DA:72,1
DA:73,0
DA:74,0
DA:75,0
DA:78,1
DA:79,0
DA:80,0
DA:83,1
DA:84,0
DA:85,0
DA:86,0
DA:88,0
DA:91,1
DA:92,0
DA:93,0
DA:98,0
DA:99,0
DA:100,0
DA:101,0
DA:104,0
DA:105,0
DA:106,0
DA:108,0
DA:109,0
DA:113,1
DA:114,0
DA:118,4
DA:119,4
DA:122,1
DA:123,4
DA:124,4
DA:125,4
DA:126,4
DA:127,4
DA:128,4
DA:129,4
DA:130,0
DA:132,4
DA:135,1
LF:69
LH:35
BRDA:59,0,0,0
BRDA:59,0,1,0
BRDA:61,1,0,0
BRDA:61,1,1,0
BRDA:61,2,0,0
BRDA:61,2,1,0
BRDA:62,3,0,0
BRDA:62,3,1,0
BRDA:84,4,0,0
BRDA:84,4,1,0
BRDA:92,5,0,0
BRDA:92,5,1,0
BRDA:98,6,0,0
BRDA:98,6,1,0
BRDA:100,7,0,0
BRDA:100,7,1,0
BRDA:124,8,0,0
BRDA:124,8,1,4
BRDA:129,9,0,0
BRDA:129,9,1,4
BRDA:118,10,0,1
BRDA:118,10,1,0
BRDA:118,11,0,1
BRDA:118,12,0,1
BRDA:118,12,1,1
BRDA:118,12,2,0
BRDA:118,13,0,1
BRDA:118,13,1,1
BRF:28
BRH:8
end_of_record
TN:
SF:E:/OneDrive - rice.edu/Study-Rice/COMP531-Web/hw5/HW-5/src/app/profile/profile.component.ts
FN:14,(anonymous_2)
FN:84,ProfileComponent
FN:30,(anonymous_4)
FN:89,(anonymous_5)
FNF:4
FNH:1
FNDA:1,(anonymous_2)
FNDA:0,ProfileComponent
FNDA:0,(anonymous_4)
FNDA:0,(anonymous_5)
DA:1,1
DA:2,1
DA:4,1
DA:5,1
DA:6,1
DA:7,1
DA:14,1
DA:20,0
DA:30,1
DA:31,0
DA:33,0
DA:34,0
DA:35,0
DA:36,0
DA:37,0
DA:38,0
DA:40,0
DA:41,0
DA:42,0
DA:43,0
DA:47,0
DA:48,0
DA:49,0
DA:53,0
DA:54,0
DA:55,0
DA:56,0
DA:60,0
DA:61,0
DA:62,0
DA:63,0
DA:67,0
DA:68,0
DA:69,0
DA:70,0
DA:74,0
DA:75,0
DA:76,0
DA:79,0
DA:85,0
DA:86,0
DA:87,0
DA:89,1
DA:90,0
DA:91,0
DA:94,1
LF:46
LH:10
BRDA:40,0,0,0
BRDA:40,0,1,0
BRDA:41,1,0,0
BRDA:41,1,1,0
BRDA:47,2,0,0
BRDA:47,2,1,0
BRDA:53,3,0,0
BRDA:53,3,1,0
BRDA:54,4,0,0
BRDA:54,4,1,0
BRDA:60,5,0,0
BRDA:60,5,1,0
BRDA:61,6,0,0
BRDA:61,6,1,0
BRDA:67,7,0,0
BRDA:67,7,1,0
BRDA:68,8,0,0
BRDA:68,8,1,0
BRDA:74,9,0,0
BRDA:74,9,1,0
BRDA:85,10,0,1
BRDA:85,10,1,0
BRDA:85,11,0,1
BRDA:85,12,0,1
BRDA:85,12,1,1
BRDA:85,12,2,0
BRDA:85,13,0,1
BRDA:85,13,1,1
BRF:28
BRH:6
end_of_record
TN:
SF:E:/OneDrive - rice.edu/Study-Rice/COMP531-Web/hw5/HW-5/src/app/register/register.component.ts
FN:13,(anonymous_2)
FN:71,RegisterComponent
FN:30,(anonymous_4)
FN:77,(anonymous_5)
FNF:4
FNH:1
FNDA:1,(anonymous_2)
FNDA:0,RegisterComponent
FNDA:0,(anonymous_4)
FNDA:0,(anonymous_5)
DA:1,1
DA:2,1
DA:3,1
DA:4,1
DA:5,1
DA:13,1
DA:16,0
DA:30,1
DA:31,0
DA:33,0
DA:35,0
DA:37,0
DA:39,0
DA:41,0
DA:43,0
DA:45,0
DA:49,0
DA:50,0
DA:53,0
DA:66,0
DA:72,0
DA:73,0
DA:74,0
DA:77,1
DA:80,1
LF:25
LH:9
BRDA:53,0,0,0
BRDA:53,0,1,0
BRDA:72,1,0,1
BRDA:72,1,1,0
BRDA:72,2,0,1
BRDA:72,3,0,1
BRDA:72,3,1,1
BRDA:72,3,2,0
BRDA:72,4,0,1
BRDA:72,4,1,1
BRDA:73,5,0,1
BRDA:73,5,1,1
BRDA:73,5,2,0
BRDA:73,6,0,1
BRDA:73,6,1,1
BRF:15
BRH:10
end_of_record
